2024-10-20T08:48:29.242+05:45  INFO 2180 --- [Ecommerce] [restartedMain] com.ecommerce.EcommerceApplication       : Starting EcommerceApplication using Java 21.0.3 with PID 2180 (C:\react tailwind project\backend boot\Ecommerce\target\classes started by santosh_Kumar_Mehara in C:\react tailwind project\backend boot\Ecommerce)
2024-10-20T08:48:29.242+05:45  INFO 2180 --- [Ecommerce] [restartedMain] com.ecommerce.EcommerceApplication       : No active profile set, falling back to 1 default profile: "default"
2024-10-20T08:48:29.364+05:45  INFO 2180 --- [Ecommerce] [restartedMain] o.s.b.w.embedded.tomcat.TomcatWebServer  : Tomcat initialized with port 8080 (http)
2024-10-20T08:48:29.365+05:45  INFO 2180 --- [Ecommerce] [restartedMain] o.apache.catalina.core.StandardService   : Starting service [Tomcat]
2024-10-20T08:48:29.365+05:45  INFO 2180 --- [Ecommerce] [restartedMain] o.apache.catalina.core.StandardEngine    : Starting Servlet engine: [Apache Tomcat/10.1.30]
2024-10-20T08:48:29.374+05:45  INFO 2180 --- [Ecommerce] [restartedMain] o.a.c.c.C.[Tomcat].[localhost].[/myapp]  : Initializing Spring embedded WebApplicationContext
2024-10-20T08:48:29.374+05:45  INFO 2180 --- [Ecommerce] [restartedMain] w.s.c.ServletWebServerApplicationContext : Root WebApplicationContext: initialization completed in 130 ms
2024-10-20T08:48:29.394+05:45  INFO 2180 --- [Ecommerce] [restartedMain] o.s.b.a.w.s.WelcomePageHandlerMapping    : Adding welcome page template: index
2024-10-20T08:48:29.428+05:45  INFO 2180 --- [Ecommerce] [restartedMain] o.s.b.d.a.OptionalLiveReloadServer       : LiveReload server is running on port 35729
2024-10-20T08:48:29.433+05:45  INFO 2180 --- [Ecommerce] [restartedMain] o.s.b.w.embedded.tomcat.TomcatWebServer  : Tomcat started on port 8080 (http) with context path '/myapp'
2024-10-20T08:48:29.435+05:45  INFO 2180 --- [Ecommerce] [restartedMain] com.ecommerce.EcommerceApplication       : Started EcommerceApplication in 0.234 seconds (process running for 740.998)
2024-10-20T08:48:29.437+05:45  INFO 2180 --- [Ecommerce] [restartedMain] .ConditionEvaluationDeltaLoggingListener : Condition evaluation unchanged
2024-10-20T08:48:43.419+05:45  INFO 2180 --- [Ecommerce] [File Watcher] rtingClassPathChangeChangedEventListener : Restarting due to 1 class path change (0 additions, 0 deletions, 1 modification)
2024-10-20T08:48:43.470+05:45  INFO 2180 --- [Ecommerce] [restartedMain] com.ecommerce.EcommerceApplication       : Starting EcommerceApplication using Java 21.0.3 with PID 2180 (C:\react tailwind project\backend boot\Ecommerce\target\classes started by santosh_Kumar_Mehara in C:\react tailwind project\backend boot\Ecommerce)
2024-10-20T08:48:43.470+05:45  INFO 2180 --- [Ecommerce] [restartedMain] com.ecommerce.EcommerceApplication       : No active profile set, falling back to 1 default profile: "default"
2024-10-20T08:48:43.567+05:45  INFO 2180 --- [Ecommerce] [restartedMain] o.s.b.w.embedded.tomcat.TomcatWebServer  : Tomcat initialized with port 8181 (http)
2024-10-20T08:48:43.568+05:45  INFO 2180 --- [Ecommerce] [restartedMain] o.apache.catalina.core.StandardService   : Starting service [Tomcat]
2024-10-20T08:48:43.568+05:45  INFO 2180 --- [Ecommerce] [restartedMain] o.apache.catalina.core.StandardEngine    : Starting Servlet engine: [Apache Tomcat/10.1.30]
2024-10-20T08:48:43.583+05:45  INFO 2180 --- [Ecommerce] [restartedMain] o.a.c.c.C.[Tomcat].[localhost].[/myapp]  : Initializing Spring embedded WebApplicationContext
2024-10-20T08:48:43.583+05:45  INFO 2180 --- [Ecommerce] [restartedMain] w.s.c.ServletWebServerApplicationContext : Root WebApplicationContext: initialization completed in 110 ms
2024-10-20T08:48:43.602+05:45  INFO 2180 --- [Ecommerce] [restartedMain] o.s.b.a.w.s.WelcomePageHandlerMapping    : Adding welcome page template: index
2024-10-20T08:48:43.633+05:45  INFO 2180 --- [Ecommerce] [restartedMain] o.s.b.d.a.OptionalLiveReloadServer       : LiveReload server is running on port 35729
2024-10-20T08:48:43.638+05:45  INFO 2180 --- [Ecommerce] [restartedMain] o.s.b.w.embedded.tomcat.TomcatWebServer  : Tomcat started on port 8181 (http) with context path '/myapp'
2024-10-20T08:48:43.640+05:45  INFO 2180 --- [Ecommerce] [restartedMain] com.ecommerce.EcommerceApplication       : Started EcommerceApplication in 0.185 seconds (process running for 755.202)
2024-10-20T08:48:43.641+05:45  INFO 2180 --- [Ecommerce] [restartedMain] .ConditionEvaluationDeltaLoggingListener : Condition evaluation unchanged
2024-10-20T08:49:12.030+05:45  INFO 2180 --- [Ecommerce] [RMI TCP Connection(15)-127.0.0.1] inMXBeanRegistrar$SpringApplicationAdmin : Application shutdown requested.
2024-10-20T08:49:23.601+05:45  INFO 8920 --- [Ecommerce] [restartedMain] com.ecommerce.EcommerceApplication       : Starting EcommerceApplication using Java 21.0.3 with PID 8920 (C:\react tailwind project\backend boot\Ecommerce\target\classes started by santosh_Kumar_Mehara in C:\react tailwind project\backend boot\Ecommerce)
2024-10-20T08:49:23.603+05:45  INFO 8920 --- [Ecommerce] [restartedMain] com.ecommerce.EcommerceApplication       : No active profile set, falling back to 1 default profile: "default"
2024-10-20T08:49:23.655+05:45  INFO 8920 --- [Ecommerce] [restartedMain] .e.DevToolsPropertyDefaultsPostProcessor : Devtools property defaults active! Set 'spring.devtools.add-properties' to 'false' to disable
2024-10-20T08:49:23.656+05:45  INFO 8920 --- [Ecommerce] [restartedMain] .e.DevToolsPropertyDefaultsPostProcessor : For additional web related logging consider setting the 'logging.level.web' property to 'DEBUG'
2024-10-20T08:49:24.347+05:45  INFO 8920 --- [Ecommerce] [restartedMain] o.s.b.w.embedded.tomcat.TomcatWebServer  : Tomcat initialized with port 8181 (http)
2024-10-20T08:49:24.358+05:45  INFO 8920 --- [Ecommerce] [restartedMain] o.apache.catalina.core.StandardService   : Starting service [Tomcat]
2024-10-20T08:49:24.359+05:45  INFO 8920 --- [Ecommerce] [restartedMain] o.apache.catalina.core.StandardEngine    : Starting Servlet engine: [Apache Tomcat/10.1.30]
2024-10-20T08:49:24.391+05:45  INFO 8920 --- [Ecommerce] [restartedMain] o.a.c.c.C.[Tomcat].[localhost].[/myapp]  : Initializing Spring embedded WebApplicationContext
2024-10-20T08:49:24.392+05:45  INFO 8920 --- [Ecommerce] [restartedMain] w.s.c.ServletWebServerApplicationContext : Root WebApplicationContext: initialization completed in 735 ms
2024-10-20T08:49:24.479+05:45  INFO 8920 --- [Ecommerce] [restartedMain] o.s.b.a.w.s.WelcomePageHandlerMapping    : Adding welcome page template: index
2024-10-20T08:49:24.684+05:45  INFO 8920 --- [Ecommerce] [restartedMain] o.s.b.d.a.OptionalLiveReloadServer       : LiveReload server is running on port 35729
2024-10-20T08:49:24.714+05:45  INFO 8920 --- [Ecommerce] [restartedMain] o.s.b.w.embedded.tomcat.TomcatWebServer  : Tomcat started on port 8181 (http) with context path '/myapp'
2024-10-20T08:49:24.723+05:45  INFO 8920 --- [Ecommerce] [restartedMain] com.ecommerce.EcommerceApplication       : Started EcommerceApplication in 1.413 seconds (process running for 2.029)
2024-10-20T08:49:51.167+05:45  INFO 8920 --- [Ecommerce] [File Watcher] rtingClassPathChangeChangedEventListener : Restarting due to 1 class path change (0 additions, 0 deletions, 1 modification)
2024-10-20T08:49:51.232+05:45  INFO 8920 --- [Ecommerce] [restartedMain] com.ecommerce.EcommerceApplication       : Starting EcommerceApplication using Java 21.0.3 with PID 8920 (C:\react tailwind project\backend boot\Ecommerce\target\classes started by santosh_Kumar_Mehara in C:\react tailwind project\backend boot\Ecommerce)
2024-10-20T08:49:51.232+05:45  INFO 8920 --- [Ecommerce] [restartedMain] com.ecommerce.EcommerceApplication       : No active profile set, falling back to 1 default profile: "default"
2024-10-20T08:49:51.371+05:45  INFO 8920 --- [Ecommerce] [restartedMain] o.s.b.w.embedded.tomcat.TomcatWebServer  : Tomcat initialized with port 8080 (http)
2024-10-20T08:49:51.372+05:45  INFO 8920 --- [Ecommerce] [restartedMain] o.apache.catalina.core.StandardService   : Starting service [Tomcat]
2024-10-20T08:49:51.373+05:45  INFO 8920 --- [Ecommerce] [restartedMain] o.apache.catalina.core.StandardEngine    : Starting Servlet engine: [Apache Tomcat/10.1.30]
2024-10-20T08:49:51.393+05:45  INFO 8920 --- [Ecommerce] [restartedMain] o.a.c.c.C.[Tomcat].[localhost].[/myapp]  : Initializing Spring embedded WebApplicationContext
2024-10-20T08:49:51.393+05:45  INFO 8920 --- [Ecommerce] [restartedMain] w.s.c.ServletWebServerApplicationContext : Root WebApplicationContext: initialization completed in 159 ms
2024-10-20T08:49:51.412+05:45  INFO 8920 --- [Ecommerce] [restartedMain] o.s.b.a.w.s.WelcomePageHandlerMapping    : Adding welcome page template: index
2024-10-20T08:49:51.452+05:45  INFO 8920 --- [Ecommerce] [restartedMain] o.s.b.d.a.OptionalLiveReloadServer       : LiveReload server is running on port 35729
2024-10-20T08:49:51.459+05:45  INFO 8920 --- [Ecommerce] [restartedMain] o.s.b.w.embedded.tomcat.TomcatWebServer  : Tomcat started on port 8080 (http) with context path '/myapp'
2024-10-20T08:49:51.461+05:45  INFO 8920 --- [Ecommerce] [restartedMain] com.ecommerce.EcommerceApplication       : Started EcommerceApplication in 0.245 seconds (process running for 28.766)
2024-10-20T08:49:51.462+05:45  INFO 8920 --- [Ecommerce] [restartedMain] .ConditionEvaluationDeltaLoggingListener : Condition evaluation unchanged
2024-10-20T08:50:05.019+05:45  INFO 8920 --- [Ecommerce] [RMI TCP Connection(4)-127.0.0.1] inMXBeanRegistrar$SpringApplicationAdmin : Application shutdown requested.
2024-10-20T08:50:11.427+05:45  INFO 9868 --- [Ecommerce] [restartedMain] com.ecommerce.EcommerceApplication       : Starting EcommerceApplication using Java 21.0.3 with PID 9868 (C:\react tailwind project\backend boot\Ecommerce\target\classes started by santosh_Kumar_Mehara in C:\react tailwind project\backend boot\Ecommerce)
2024-10-20T08:50:11.429+05:45  INFO 9868 --- [Ecommerce] [restartedMain] com.ecommerce.EcommerceApplication       : No active profile set, falling back to 1 default profile: "default"
2024-10-20T08:50:11.484+05:45  INFO 9868 --- [Ecommerce] [restartedMain] .e.DevToolsPropertyDefaultsPostProcessor : Devtools property defaults active! Set 'spring.devtools.add-properties' to 'false' to disable
2024-10-20T08:50:11.485+05:45  INFO 9868 --- [Ecommerce] [restartedMain] .e.DevToolsPropertyDefaultsPostProcessor : For additional web related logging consider setting the 'logging.level.web' property to 'DEBUG'
2024-10-20T08:50:12.165+05:45  INFO 9868 --- [Ecommerce] [restartedMain] o.s.b.w.embedded.tomcat.TomcatWebServer  : Tomcat initialized with port 8080 (http)
2024-10-20T08:50:12.179+05:45  INFO 9868 --- [Ecommerce] [restartedMain] o.apache.catalina.core.StandardService   : Starting service [Tomcat]
2024-10-20T08:50:12.179+05:45  INFO 9868 --- [Ecommerce] [restartedMain] o.apache.catalina.core.StandardEngine    : Starting Servlet engine: [Apache Tomcat/10.1.30]
2024-10-20T08:50:12.212+05:45  INFO 9868 --- [Ecommerce] [restartedMain] o.a.c.c.C.[Tomcat].[localhost].[/myapp]  : Initializing Spring embedded WebApplicationContext
2024-10-20T08:50:12.213+05:45  INFO 9868 --- [Ecommerce] [restartedMain] w.s.c.ServletWebServerApplicationContext : Root WebApplicationContext: initialization completed in 727 ms
2024-10-20T08:50:12.298+05:45  INFO 9868 --- [Ecommerce] [restartedMain] o.s.b.a.w.s.WelcomePageHandlerMapping    : Adding welcome page template: index
2024-10-20T08:50:12.510+05:45  INFO 9868 --- [Ecommerce] [restartedMain] o.s.b.d.a.OptionalLiveReloadServer       : LiveReload server is running on port 35729
2024-10-20T08:50:12.549+05:45  INFO 9868 --- [Ecommerce] [restartedMain] o.s.b.w.embedded.tomcat.TomcatWebServer  : Tomcat started on port 8080 (http) with context path '/myapp'
2024-10-20T08:50:12.557+05:45  INFO 9868 --- [Ecommerce] [restartedMain] com.ecommerce.EcommerceApplication       : Started EcommerceApplication in 1.428 seconds (process running for 2.037)
2024-10-20T08:51:04.303+05:45  INFO 9868 --- [Ecommerce] [File Watcher] rtingClassPathChangeChangedEventListener : Restarting due to 1 class path change (0 additions, 0 deletions, 1 modification)
2024-10-20T08:51:04.371+05:45  INFO 9868 --- [Ecommerce] [restartedMain] com.ecommerce.EcommerceApplication       : Starting EcommerceApplication using Java 21.0.3 with PID 9868 (C:\react tailwind project\backend boot\Ecommerce\target\classes started by santosh_Kumar_Mehara in C:\react tailwind project\backend boot\Ecommerce)
2024-10-20T08:51:04.372+05:45  INFO 9868 --- [Ecommerce] [restartedMain] com.ecommerce.EcommerceApplication       : No active profile set, falling back to 1 default profile: "default"
2024-10-20T08:51:04.521+05:45  INFO 9868 --- [Ecommerce] [restartedMain] o.s.b.w.embedded.tomcat.TomcatWebServer  : Tomcat initialized with port 8080 (http)
2024-10-20T08:51:04.522+05:45  INFO 9868 --- [Ecommerce] [restartedMain] o.apache.catalina.core.StandardService   : Starting service [Tomcat]
2024-10-20T08:51:04.522+05:45  INFO 9868 --- [Ecommerce] [restartedMain] o.apache.catalina.core.StandardEngine    : Starting Servlet engine: [Apache Tomcat/10.1.30]
2024-10-20T08:51:04.530+05:45  INFO 9868 --- [Ecommerce] [restartedMain] o.a.c.c.C.[Tomcat].[localhost].[/myapp]  : Initializing Spring embedded WebApplicationContext
2024-10-20T08:51:04.531+05:45  INFO 9868 --- [Ecommerce] [restartedMain] w.s.c.ServletWebServerApplicationContext : Root WebApplicationContext: initialization completed in 158 ms
2024-10-20T08:51:04.545+05:45  INFO 9868 --- [Ecommerce] [restartedMain] o.s.b.a.w.s.WelcomePageHandlerMapping    : Adding welcome page template: index
2024-10-20T08:51:04.588+05:45  INFO 9868 --- [Ecommerce] [restartedMain] o.s.b.d.a.OptionalLiveReloadServer       : LiveReload server is running on port 35729
2024-10-20T08:51:04.596+05:45  INFO 9868 --- [Ecommerce] [restartedMain] o.s.b.w.embedded.tomcat.TomcatWebServer  : Tomcat started on port 8080 (http) with context path '/myapp'
2024-10-20T08:51:04.599+05:45  INFO 9868 --- [Ecommerce] [restartedMain] com.ecommerce.EcommerceApplication       : Started EcommerceApplication in 0.246 seconds (process running for 54.079)
2024-10-20T08:51:04.600+05:45  INFO 9868 --- [Ecommerce] [restartedMain] .ConditionEvaluationDeltaLoggingListener : Condition evaluation unchanged
2024-10-20T08:53:02.099+05:45  INFO 9868 --- [Ecommerce] [File Watcher] rtingClassPathChangeChangedEventListener : Restarting due to 1 class path change (0 additions, 0 deletions, 1 modification)
2024-10-20T08:53:02.170+05:45  INFO 9868 --- [Ecommerce] [restartedMain] com.ecommerce.EcommerceApplication       : Starting EcommerceApplication using Java 21.0.3 with PID 9868 (C:\react tailwind project\backend boot\Ecommerce\target\classes started by santosh_Kumar_Mehara in C:\react tailwind project\backend boot\Ecommerce)
2024-10-20T08:53:02.171+05:45  INFO 9868 --- [Ecommerce] [restartedMain] com.ecommerce.EcommerceApplication       : No active profile set, falling back to 1 default profile: "default"
2024-10-20T08:53:02.314+05:45  INFO 9868 --- [Ecommerce] [restartedMain] o.s.b.w.embedded.tomcat.TomcatWebServer  : Tomcat initialized with port 8080 (http)
2024-10-20T08:53:02.315+05:45  INFO 9868 --- [Ecommerce] [restartedMain] o.apache.catalina.core.StandardService   : Starting service [Tomcat]
2024-10-20T08:53:02.316+05:45  INFO 9868 --- [Ecommerce] [restartedMain] o.apache.catalina.core.StandardEngine    : Starting Servlet engine: [Apache Tomcat/10.1.30]
2024-10-20T08:53:02.327+05:45  INFO 9868 --- [Ecommerce] [restartedMain] o.a.c.c.C.[Tomcat].[localhost].[/myapp]  : Initializing Spring embedded WebApplicationContext
2024-10-20T08:53:02.327+05:45  INFO 9868 --- [Ecommerce] [restartedMain] w.s.c.ServletWebServerApplicationContext : Root WebApplicationContext: initialization completed in 153 ms
2024-10-20T08:53:02.356+05:45  INFO 9868 --- [Ecommerce] [restartedMain] o.s.b.a.w.s.WelcomePageHandlerMapping    : Adding welcome page template: index
2024-10-20T08:53:02.399+05:45  INFO 9868 --- [Ecommerce] [restartedMain] o.s.b.d.a.OptionalLiveReloadServer       : LiveReload server is running on port 35729
2024-10-20T08:53:02.407+05:45  INFO 9868 --- [Ecommerce] [restartedMain] o.s.b.w.embedded.tomcat.TomcatWebServer  : Tomcat started on port 8080 (http) with context path '/myapp'
2024-10-20T08:53:02.409+05:45  INFO 9868 --- [Ecommerce] [restartedMain] com.ecommerce.EcommerceApplication       : Started EcommerceApplication in 0.262 seconds (process running for 171.888)
2024-10-20T08:53:02.410+05:45  INFO 9868 --- [Ecommerce] [restartedMain] .ConditionEvaluationDeltaLoggingListener : Condition evaluation unchanged
2024-10-20T08:53:42.365+05:45  INFO 9868 --- [Ecommerce] [RMI TCP Connection(7)-127.0.0.1] inMXBeanRegistrar$SpringApplicationAdmin : Application shutdown requested.
2024-10-20T08:53:48.687+05:45  INFO 5712 --- [Ecommerce] [restartedMain] com.ecommerce.EcommerceApplication       : Starting EcommerceApplication using Java 21.0.3 with PID 5712 (C:\react tailwind project\backend boot\Ecommerce\target\classes started by santosh_Kumar_Mehara in C:\react tailwind project\backend boot\Ecommerce)
2024-10-20T08:53:48.688+05:45  INFO 5712 --- [Ecommerce] [restartedMain] com.ecommerce.EcommerceApplication       : No active profile set, falling back to 1 default profile: "default"
2024-10-20T08:53:48.742+05:45  INFO 5712 --- [Ecommerce] [restartedMain] .e.DevToolsPropertyDefaultsPostProcessor : Devtools property defaults active! Set 'spring.devtools.add-properties' to 'false' to disable
2024-10-20T08:53:48.743+05:45  INFO 5712 --- [Ecommerce] [restartedMain] .e.DevToolsPropertyDefaultsPostProcessor : For additional web related logging consider setting the 'logging.level.web' property to 'DEBUG'
2024-10-20T08:53:49.443+05:45  INFO 5712 --- [Ecommerce] [restartedMain] o.s.b.w.embedded.tomcat.TomcatWebServer  : Tomcat initialized with port 8080 (http)
2024-10-20T08:53:49.455+05:45  INFO 5712 --- [Ecommerce] [restartedMain] o.apache.catalina.core.StandardService   : Starting service [Tomcat]
2024-10-20T08:53:49.455+05:45  INFO 5712 --- [Ecommerce] [restartedMain] o.apache.catalina.core.StandardEngine    : Starting Servlet engine: [Apache Tomcat/10.1.30]
2024-10-20T08:53:49.486+05:45  INFO 5712 --- [Ecommerce] [restartedMain] o.a.c.c.C.[Tomcat].[localhost].[/myapp]  : Initializing Spring embedded WebApplicationContext
2024-10-20T08:53:49.487+05:45  INFO 5712 --- [Ecommerce] [restartedMain] w.s.c.ServletWebServerApplicationContext : Root WebApplicationContext: initialization completed in 743 ms
2024-10-20T08:53:49.577+05:45  INFO 5712 --- [Ecommerce] [restartedMain] o.s.b.a.w.s.WelcomePageHandlerMapping    : Adding welcome page template: index
2024-10-20T08:53:49.779+05:45  INFO 5712 --- [Ecommerce] [restartedMain] o.s.b.d.a.OptionalLiveReloadServer       : LiveReload server is running on port 35729
2024-10-20T08:53:49.813+05:45  INFO 5712 --- [Ecommerce] [restartedMain] o.s.b.w.embedded.tomcat.TomcatWebServer  : Tomcat started on port 8080 (http) with context path '/myapp'
2024-10-20T08:53:49.820+05:45  INFO 5712 --- [Ecommerce] [restartedMain] com.ecommerce.EcommerceApplication       : Started EcommerceApplication in 1.439 seconds (process running for 2.052)
2024-10-20T08:54:05.840+05:45  INFO 5712 --- [Ecommerce] [File Watcher] rtingClassPathChangeChangedEventListener : Restarting due to 1 class path change (0 additions, 0 deletions, 1 modification)
